c:\users\201354694\desktop\singletonrachid\acteursingleton\acteursingleton\debug\vc120.pdb
c:\users\201354694\desktop\singletonrachid\acteursingleton\acteursingleton\debug\vc120.idb
c:\users\201354694\desktop\singletonrachid\acteursingleton\acteursingleton\debug\source.obj
c:\users\201354694\desktop\singletonrachid\acteursingleton\acteursingleton\debug\acteur.obj
c:\users\201354694\desktop\singletonrachid\acteursingleton\debug\acteursingleton.pdb
c:\users\201354694\desktop\singletonrachid\acteursingleton\acteursingleton\debug\acteursingleton.tlog\cl.command.1.tlog
c:\users\201354694\desktop\singletonrachid\acteursingleton\acteursingleton\debug\acteursingleton.tlog\cl.read.1.tlog
c:\users\201354694\desktop\singletonrachid\acteursingleton\acteursingleton\debug\acteursingleton.tlog\cl.write.1.tlog
c:\users\201354694\desktop\singletonrachid\acteursingleton\acteursingleton\debug\acteursingleton.tlog\link-cvtres.read.1.tlog
c:\users\201354694\desktop\singletonrachid\acteursingleton\acteursingleton\debug\acteursingleton.tlog\link-cvtres.write.1.tlog
c:\users\201354694\desktop\singletonrachid\acteursingleton\acteursingleton\debug\acteursingleton.tlog\link-rc.read.1.tlog
c:\users\201354694\desktop\singletonrachid\acteursingleton\acteursingleton\debug\acteursingleton.tlog\link-rc.write.1.tlog
c:\users\201354694\desktop\singletonrachid\acteursingleton\acteursingleton\debug\acteursingleton.tlog\link.9796-cvtres.read.1.tlog
c:\users\201354694\desktop\singletonrachid\acteursingleton\acteursingleton\debug\acteursingleton.tlog\link.9796-cvtres.write.1.tlog
c:\users\201354694\desktop\singletonrachid\acteursingleton\acteursingleton\debug\acteursingleton.tlog\link.9796-rc.read.1.tlog
c:\users\201354694\desktop\singletonrachid\acteursingleton\acteursingleton\debug\acteursingleton.tlog\link.9796-rc.write.1.tlog
c:\users\201354694\desktop\singletonrachid\acteursingleton\acteursingleton\debug\acteursingleton.tlog\link.9796.read.1.tlog
c:\users\201354694\desktop\singletonrachid\acteursingleton\acteursingleton\debug\acteursingleton.tlog\link.9796.write.1.tlog
c:\users\201354694\desktop\singletonrachid\acteursingleton\acteursingleton\debug\acteursingleton.tlog\link.command.1.tlog
c:\users\201354694\desktop\singletonrachid\acteursingleton\acteursingleton\debug\acteursingleton.tlog\link.read.1.tlog
c:\users\201354694\desktop\singletonrachid\acteursingleton\acteursingleton\debug\acteursingleton.tlog\link.write.1.tlog
